<?xml version="1.0" encoding="UTF-8"?>
<testng-results ignored="0" total="3" passed="3" failed="0" skipped="0">
  <reporter-output>
  </reporter-output>
  <suite started-at="2022-03-14T22:57:45 MDT" name="Suite" finished-at="2022-03-14T22:57:57 MDT" duration-ms="12249">
    <groups>
    </groups>
    <test started-at="2022-03-14T22:57:45 MDT" name="Test" finished-at="2022-03-14T22:57:57 MDT" duration-ms="12249">
      <class name="com.webappsecurity.zero.testscripts.VerifyFundTransferTest">
        <test-method is-config="true" signature="openApplication()[pri:0, instance:com.webappsecurity.zero.testscripts.VerifyFundTransferTest@342c38f8]" started-at="2022-03-14T22:57:48 MDT" name="openApplication" finished-at="2022-03-14T22:57:50 MDT" duration-ms="1978" status="PASS">
          <reporter-output>
          </reporter-output>
        </test-method> <!-- openApplication -->
        <test-method signature="verifyFundTransfer()[pri:0, instance:com.webappsecurity.zero.testscripts.VerifyFundTransferTest@342c38f8]" started-at="2022-03-14T22:57:50 MDT" name="verifyFundTransfer" finished-at="2022-03-14T22:57:53 MDT" duration-ms="2705" status="PASS">
          <reporter-output>
          </reporter-output>
        </test-method> <!-- verifyFundTransfer -->
        <test-method is-config="true" signature="closeBrowser()[pri:0, instance:com.webappsecurity.zero.testscripts.VerifyFundTransferTest@342c38f8]" started-at="2022-03-14T22:57:53 MDT" name="closeBrowser" finished-at="2022-03-14T22:57:53 MDT" duration-ms="61" status="PASS">
          <reporter-output>
          </reporter-output>
        </test-method> <!-- closeBrowser -->
      </class> <!-- com.webappsecurity.zero.testscripts.VerifyFundTransferTest -->
      <class name="com.webappsecurity.zero.testscripts.InvalidLogin">
        <test-method is-config="true" signature="openApplication()[pri:0, instance:com.webappsecurity.zero.testscripts.InvalidLogin@4f2b503c]" started-at="2022-03-14T22:57:45 MDT" name="openApplication" finished-at="2022-03-14T22:57:48 MDT" duration-ms="2932" status="PASS">
          <reporter-output>
          </reporter-output>
        </test-method> <!-- openApplication -->
        <test-method signature="invalidLogin()[pri:0, instance:com.webappsecurity.zero.testscripts.InvalidLogin@4f2b503c]" started-at="2022-03-14T22:57:48 MDT" name="invalidLogin" finished-at="2022-03-14T22:57:48 MDT" duration-ms="497" status="PASS">
          <reporter-output>
          </reporter-output>
        </test-method> <!-- invalidLogin -->
        <test-method is-config="true" signature="closeBrowser()[pri:0, instance:com.webappsecurity.zero.testscripts.InvalidLogin@4f2b503c]" started-at="2022-03-14T22:57:48 MDT" name="closeBrowser" finished-at="2022-03-14T22:57:48 MDT" duration-ms="103" status="PASS">
          <reporter-output>
          </reporter-output>
        </test-method> <!-- closeBrowser -->
      </class> <!-- com.webappsecurity.zero.testscripts.InvalidLogin -->
      <class name="com.webappsecurity.zero.testscripts.ValidLogin">
        <test-method is-config="true" signature="openApplication()[pri:0, instance:com.webappsecurity.zero.testscripts.ValidLogin@c88a337]" started-at="2022-03-14T22:57:53 MDT" name="openApplication" finished-at="2022-03-14T22:57:55 MDT" duration-ms="2001" status="PASS">
          <reporter-output>
          </reporter-output>
        </test-method> <!-- openApplication -->
        <test-method signature="verifyValidLogin()[pri:0, instance:com.webappsecurity.zero.testscripts.ValidLogin@c88a337]" started-at="2022-03-14T22:57:55 MDT" name="verifyValidLogin" finished-at="2022-03-14T22:57:57 MDT" duration-ms="1849" status="PASS">
          <reporter-output>
          </reporter-output>
        </test-method> <!-- verifyValidLogin -->
        <test-method is-config="true" signature="closeBrowser()[pri:0, instance:com.webappsecurity.zero.testscripts.ValidLogin@c88a337]" started-at="2022-03-14T22:57:57 MDT" name="closeBrowser" finished-at="2022-03-14T22:57:57 MDT" duration-ms="83" status="PASS">
          <reporter-output>
          </reporter-output>
        </test-method> <!-- closeBrowser -->
      </class> <!-- com.webappsecurity.zero.testscripts.ValidLogin -->
    </test> <!-- Test -->
  </suite> <!-- Suite -->
</testng-results>
