<?xml version="1.0" encoding="UTF-8"?>
<!-- Generated by org.testng.reporters.JUnitXMLReporter -->
<testsuite ignored="0" hostname="LAPTOP-0G39GJJ3" failures="0" tests="3" name="Test" time="12.249" errors="0" timestamp="2022-03-14T22:57:57 MDT">
  <testcase classname="com.webappsecurity.zero.testscripts.InvalidLogin" name="invalidLogin" time="0.497"/>
  <testcase classname="com.webappsecurity.zero.testscripts.VerifyFundTransferTest" name="verifyFundTransfer" time="2.705"/>
  <testcase classname="com.webappsecurity.zero.testscripts.ValidLogin" name="verifyValidLogin" time="1.849"/>
</testsuite> <!-- Test -->
